<?xml version="1.0" encoding="UTF-8"?>
<!-- Generated by org.testng.reporters.JUnitXMLReporter -->
<testsuite hostname="admin-PC" ignored="1" name="Default test" tests="2" failures="0" timestamp="08 Dec 2018 19:09:35 GMT" time="0.05" errors="0">
  <testcase name="test1" time="0.007" classname="com.TestNG.NewTest"/>
  <testcase name="test3" time="0.001" classname="com.TestNG.NewTest"/>
  <testcase name="test2" time="0.0" classname="com.TestNG.NewTest">
    <ignored/>
  </testcase> <!-- test2 -->
</testsuite> <!-- Default test -->
