<?xml version="1.0" encoding="UTF-8"?>
<!-- Generated by org.testng.reporters.JUnitXMLReporter -->
<testsuite hostname="admin-PC" ignored="2" name="Test" tests="2" failures="0" timestamp="13 Dec 2018 05:02:22 GMT" time="0.224" errors="0">
  <testcase name="test1" time="0.028" classname="com.TestNG.NewTest"/>
  <testcase name="test3" time="0.004" classname="com.TestNG.NewTest"/>
  <testcase name="testCaseOne" time="0.0" classname="com.TestNG.TestNG_Parameterization">
    <ignored/>
  </testcase> <!-- testCaseOne -->
  <testcase name="test2" time="0.0" classname="com.TestNG.NewTest">
    <ignored/>
  </testcase> <!-- test2 -->
</testsuite> <!-- Test -->
