<?xml version="1.0" encoding="UTF-8"?>
<!-- Generated by org.testng.reporters.JUnitXMLReporter -->
<testsuite hostname="admin-PC" ignored="1" name="Test" tests="2" failures="0" timestamp="09 Dec 2018 11:51:34 GMT" time="0.068" errors="0">
  <testcase name="test1" time="0.019" classname="com.TestNG.NewTest"/>
  <testcase name="test3" time="0.002" classname="com.TestNG.NewTest"/>
  <testcase name="test2" time="0.0" classname="com.TestNG.NewTest">
    <ignored/>
  </testcase> <!-- test2 -->
</testsuite> <!-- Test -->
