<?xml version="1.0" encoding="UTF-8"?>
<testng-results skipped="0" failed="0" ignored="1" total="3" passed="2">
  <reporter-output>
  </reporter-output>
  <suite name="Suite" duration-ms="68" started-at="2018-12-09T11:51:34Z" finished-at="2018-12-09T11:51:34Z">
    <groups>
      <group name="smoke">
        <method signature="NewTest.test3()[pri:3, instance:com.TestNG.NewTest@f5e5e3]" name="test3" class="com.TestNG.NewTest"/>
      </group> <!-- smoke -->
      <group name="sanity">
        <method signature="NewTest.test1()[pri:2, instance:com.TestNG.NewTest@f5e5e3]" name="test1" class="com.TestNG.NewTest"/>
      </group> <!-- sanity -->
    </groups>
    <test name="Test" duration-ms="68" started-at="2018-12-09T11:51:34Z" finished-at="2018-12-09T11:51:34Z">
      <class name="com.TestNG.NewTest">
        <test-method status="PASS" signature="test1()[pri:2, instance:com.TestNG.NewTest@f5e5e3]" name="test1" duration-ms="19" started-at="2018-12-09T11:51:34Z" finished-at="2018-12-09T11:51:34Z">
          <reporter-output>
          </reporter-output>
        </test-method> <!-- test1 -->
        <test-method status="PASS" signature="test3()[pri:3, instance:com.TestNG.NewTest@f5e5e3]" name="test3" duration-ms="2" started-at="2018-12-09T11:51:34Z" finished-at="2018-12-09T11:51:34Z">
          <reporter-output>
          </reporter-output>
        </test-method> <!-- test3 -->
      </class> <!-- com.TestNG.NewTest -->
    </test> <!-- Test -->
  </suite> <!-- Suite -->
</testng-results>
